Removed Pin From Net: NetName=24V Pin=1-1
Removed Pin From Net: NetName=24V Pin=C2-1
Change Component Footprint: Designator=C15 Old Footprint=0603 New Footprint=0402
Change Component Footprint: Designator=C18 Old Footprint=0603 New Footprint=0402
Change Component Footprint: Designator=C22 Old Footprint=0603 New Footprint=0402
Change Component Footprint: Designator=C23 Old Footprint=0603 New Footprint=0402
Change Component Footprint: Designator=C24 Old Footprint=0603 New Footprint=0402
Change Component Footprint: Designator=C25 Old Footprint=0603 New Footprint=0402
Change Component Footprint: Designator=C26 Old Footprint=0603 New Footprint=0402
Change Component Footprint: Designator=R6 Old Footprint=0603 New Footprint=0402
Change Component Footprint: Designator=R7 Old Footprint=0603 New Footprint=0402
Change Component Footprint: Designator=R9 Old Footprint=0603 New Footprint=0402
Change Component Footprint: Designator=R10 Old Footprint=0603 New Footprint=0402
Added Pin To Net: NetName=Net1_1 Pin=1-1
Added Pin To Net: NetName=Net1_1 Pin=C2-1
Added Net: Name=Net1_1
Added Member To Class: ClassName=RadarControl_V1.00 Member=Component C2 Cap Pol1
Added Member To Class: ClassName=RadarControl_V1.00 Member=Component C13 100nf
Added Member To Class: ClassName=RadarControl_V1.00 Member=Component L1 Inductor
Added Member To Class: ClassName=RadarControl_V1.00 Member=Component U4 SP3232EEN
