Removed Pin From Net: NetName=A5V0 Pin=C3-1
Removed Pin From Net: NetName=DGND Pin=C3-2
Removed Pin From Net: NetName=A5V0 Pin=C7-1
Removed Pin From Net: NetName=DGND Pin=C7-2
Removed Pin From Net: NetName=CAN_H Pin=D1-1
Removed Pin From Net: NetName=CAN_L Pin=D1-2
Removed Pin From Net: NetName=DGND Pin=D1-3
Removed Pin From Net: NetName=CAN_L Pin=T1-2
Removed Pin From Net: NetName=CAN_H Pin=T1-4
Removed Pin From Net: NetName=CAN_TX Pin=U1-1
Removed Pin From Net: NetName=DGND Pin=U1-2
Removed Pin From Net: NetName=A5V0 Pin=U1-3
Removed Pin From Net: NetName=CAN_RX Pin=U1-4
Removed Pin From Net: NetName=DGND Pin=U1-8
Removed Pin From Net: NetName=DGND Pin=U3-2
Removed Member From Class: ClassName=RadarControl_V1.00 Member=C3
Removed Member From Class: ClassName=RadarControl_V1.00 Member=C7
Removed Member From Class: ClassName=RadarControl_V1.00 Member=D1
Removed Member From Class: ClassName=RadarControl_V1.00 Member=T1
Removed Member From Class: ClassName=RadarControl_V1.00 Member=U1
