Removed Pin From Net: NetName=BACKDOOR Pin=P2-1
Removed Pin From Net: NetName=REVERSE Pin=P2-2
Removed Pin From Net: NetName=CAN_L Pin=P2-3
Removed Pin From Net: NetName=CAN_H Pin=P2-4
Removed Pin From Net: NetName=24V Pin=P2-5
Removed Pin From Net: NetName=DGND Pin=P2-6
Removed Pin From Net: NetName=232_TXD3 Pin=P2-7
Removed Pin From Net: NetName=232_RXD3 Pin=P2-8
Removed Pin From Net: NetName=FRONTDOOR Pin=P2-9
Removed Pin From Net: NetName=SPEED Pin=P2-10
Removed Pin From Net: NetName=232_RXD1 Pin=P2-11
Removed Pin From Net: NetName=232_TXD1 Pin=P2-12
Removed Pin From Net: NetName=DGND Pin=P2-13
Removed Pin From Net: NetName=232_TXD2 Pin=P2-14
Removed Pin From Net: NetName=232_RXD2 Pin=P2-15
Removed Pin From Net: NetName=DGND Pin=P2-16
Added Pin To Net: NetName=DGND Pin=P2-1
Added Pin To Net: NetName=232_RXD2 Pin=P2-2
Added Pin To Net: NetName=232_TXD2 Pin=P2-3
Added Pin To Net: NetName=24V Pin=P2-4
Added Pin To Net: NetName=232_TXD1 Pin=P2-5
Added Pin To Net: NetName=232_RXD1 Pin=P2-6
Added Pin To Net: NetName=SPEED Pin=P2-7
Added Pin To Net: NetName=FRONTDOOR Pin=P2-8
Added Pin To Net: NetName=DGND Pin=P2-9
Added Pin To Net: NetName=232_RXD3 Pin=P2-10
Added Pin To Net: NetName=232_TXD3 Pin=P2-11
Added Pin To Net: NetName=DGND Pin=P2-12
Added Pin To Net: NetName=CAN_H Pin=P2-13
Added Pin To Net: NetName=CAN_L Pin=P2-14
Added Pin To Net: NetName=REVERSE Pin=P2-15
Added Pin To Net: NetName=BACKDOOR Pin=P2-16
Added Member To Class: ClassName=RadarControl_V1.00 Member=Component P2 1318382(16PIN)
Added Room: Name=RadarControl_V1.00
