Removed Pin From Net: NetName=DGND Pin=P1-3
Removed Pin From Net: NetName=24V Pin=P1-4
Removed Pin From Net: NetName=24V Pin=P1-12
Removed Member From Class: ClassName=RadarControl_V1.00 Member=U6
Change Component Designator: OldDesignator=C2 NewDesignator=C4
Change Component Designator: OldDesignator=C4 NewDesignator=C5
Change Component Designator: OldDesignator=C5 NewDesignator=C6
Change Component Designator: OldDesignator=C6 NewDesignator=C7
Change Component Designator: OldDesignator=C8 NewDesignator=C15
Change Component Designator: OldDesignator=C9 NewDesignator=C18
Change Component Designator: OldDesignator=C10 NewDesignator=C19
Change Component Designator: OldDesignator=C11 NewDesignator=C8
Change Component Designator: OldDesignator=C12 NewDesignator=C9
Change Component Designator: OldDesignator=C13 NewDesignator=C10
Change Component Designator: OldDesignator=C14 NewDesignator=C11
Change Component Designator: OldDesignator=C15 NewDesignator=C20
Change Component Designator: OldDesignator=C16 NewDesignator=C21
Change Component Designator: OldDesignator=C17 NewDesignator=C12
Change Component Designator: OldDesignator=C19 NewDesignator=C14
Change Component Designator: OldDesignator=C20 NewDesignator=C16
Change Component Designator: OldDesignator=C21 NewDesignator=C17
Change Component Designator: OldDesignator=D2 NewDesignator=D1
Change Component Designator: OldDesignator=D3 NewDesignator=D2
Change Component Designator: OldDesignator=D4 NewDesignator=D3
Change Component Designator: OldDesignator=D5 NewDesignator=D4
Change Component Designator: OldDesignator=D6 NewDesignator=D5
Change Component Designator: OldDesignator=D8 NewDesignator=D6
Change Component Designator: OldDesignator=F1 NewDesignator=F3
Change Component Designator: OldDesignator=F2 NewDesignator=F1
Change Component Designator: OldDesignator=F3 NewDesignator=F4
Change Component Designator: OldDesignator=F4 NewDesignator=F2
Change Component Designator: OldDesignator=L1 NewDesignator=L2
Change Component Designator: OldDesignator=P3 NewDesignator=P2
Change Component Designator: OldDesignator=R9 NewDesignator=R10
Change Component Designator: OldDesignator=R10 NewDesignator=R9
Change Component Designator: OldDesignator=U2 NewDesignator=U1
Change Component Designator: OldDesignator=U3 NewDesignator=U2
Change Component Designator: OldDesignator=U4 NewDesignator=U5
Change Component Designator: OldDesignator=U5 NewDesignator=U3
Change Component Designator: OldDesignator=U6 NewDesignator=U4
Added Component: Designator=1(LM25761)
Added Component: Designator=C2(Cap-100uF-220uF)
Added Component: Designator=C3(Cap-100uF-220uF)
Added Component: Designator=C13(0603)
Added Component: Designator=DI1(SS510)
Added Component: Designator=L1(GDRH104R-1R0MT)
Added Pin To Net: NetName=24V Pin=1-1
Added Pin To Net: NetName=DGND Pin=1-3
Added Pin To Net: NetName=DGND Pin=1-5
Added Pin To Net: NetName=24V Pin=C2-1
Added Pin To Net: NetName=DGND Pin=C2-2
Added Pin To Net: NetName=DGND Pin=C3-2
Added Pin To Net: NetName=DGND Pin=C13-1
Added Pin To Net: NetName=DGND Pin=DI1-2
Added Pin To Net: NetName=24V Pin=P1-3
Added Pin To Net: NetName=DGND Pin=P1-12
Change Net Name : Old Net Name=NetC4_2 New Net Name=NetC5_2
Change Net Name : Old Net Name=NetC6_1 New Net Name=NetC7_1
Change Net Name : Old Net Name=NetC6_2 New Net Name=NetC7_2
Change Net Name : Old Net Name=NetC9_2 New Net Name=NetC18_2
Change Net Name : Old Net Name=NetC10_2 New Net Name=NetC19_2
Change Net Name : Old Net Name=NetC13_2 New Net Name=NetC10_2
Change Net Name : Old Net Name=NetC15_1 New Net Name=NetC20_1
Change Net Name : Old Net Name=NetC15_2 New Net Name=NetC20_2
Change Net Name : Old Net Name=NetC16_1 New Net Name=NetC21_1
Change Net Name : Old Net Name=NetC16_2 New Net Name=NetC21_2
Change Net Name : Old Net Name=NetC19_2 New Net Name=NetC14_2
Change Net Name : Old Net Name=NetC20_1 New Net Name=NetC16_1
Change Net Name : Old Net Name=NetC20_2 New Net Name=NetC16_2
Change Net Name : Old Net Name=NetC21_1 New Net Name=NetC17_1
Change Net Name : Old Net Name=NetC21_2 New Net Name=NetC17_2
Change Net Name : Old Net Name=NetD5_1 New Net Name=NetD4_1
Change Net Name : Old Net Name=NetD6_1 New Net Name=NetD5_1
Change Net Name : Old Net Name=NetD6_2 New Net Name=NetD5_2
Change Net Name : Old Net Name=NetU5_5 New Net Name=NetU3_5
Added Pin To Net: NetName=12V Pin=1-4
Added Pin To Net: NetName=12V Pin=C3-1
Added Pin To Net: NetName=12V Pin=L1-2
Added Pin To Net: NetName=12V Pin=P1-4
Added Net: Name=12V
Added Pin To Net: NetName=Net1_2 Pin=1-2
Added Pin To Net: NetName=Net1_2 Pin=DI1-1
Added Pin To Net: NetName=Net1_2 Pin=L1-1
Added Net: Name=Net1_2
Added Pin To Net: NetName=NetC13_2 Pin=C13-2
Added Pin To Net: NetName=NetC13_2 Pin=U4-6
Added Net: Name=NetC13_2
Added Member To Class: ClassName=RadarControl_V1.00 Member=Component 1 LM2576/LM2576HV-12.0
Added Member To Class: ClassName=RadarControl_V1.00 Member=Component C3 Cap Pol1
Added Member To Class: ClassName=RadarControl_V1.00 Member=Component C7 150pF
Added Member To Class: ClassName=RadarControl_V1.00 Member=Component C18 100nf
Added Member To Class: ClassName=RadarControl_V1.00 Member=Component C21 100nf
Added Member To Class: ClassName=RadarControl_V1.00 Member=Component C24 100nF
Added Member To Class: ClassName=RadarControl_V1.00 Member=Component DI1 SS510
Added Member To Class: ClassName=RadarControl_V1.00 Member=Component L2 22uH
Added Member To Class: ClassName=RadarControl_V1.00 Member=Component U5 SP3232EEN
Added Room: Name=RadarControl_V1.00
